<?xml version="1.0" encoding="UTF-8"?>
<coverage generated="1629744760103" clover="3.2.0">
  <project timestamp="1629744760103" name="All files">
    <metrics statements="49" coveredstatements="49" conditionals="33" coveredconditionals="33" methods="23" coveredmethods="23" elements="105" coveredelements="105" complexity="0" loc="49" ncloc="49" packages="1" files="4" classes="4"/>
    <file name="clone-deep.ts" path="D:\projects\objects-manager\src\clone-deep.ts">
      <metrics statements="2" coveredstatements="2" conditionals="0" coveredconditionals="0" methods="1" coveredmethods="1"/>
      <line num="1" count="2" type="stmt"/>
      <line num="3" count="14" type="stmt"/>
    </file>
    <file name="deep-freeze.ts" path="D:\projects\objects-manager\src\deep-freeze.ts">
      <metrics statements="7" coveredstatements="7" conditionals="11" coveredconditionals="11" methods="2" coveredmethods="2"/>
      <line num="1" count="3" type="stmt"/>
      <line num="2" count="47" type="cond" truecount="4" falsecount="0"/>
      <line num="3" count="46" type="stmt"/>
      <line num="4" count="46" type="stmt"/>
      <line num="5" count="87" type="cond" truecount="2" falsecount="0"/>
      <line num="11" count="31" type="stmt"/>
      <line num="15" count="47" type="stmt"/>
    </file>
    <file name="index.ts" path="D:\projects\objects-manager\src\index.ts">
      <metrics statements="30" coveredstatements="30" conditionals="22" coveredconditionals="22" methods="15" coveredmethods="15"/>
      <line num="1" count="2" type="stmt"/>
      <line num="2" count="2" type="stmt"/>
      <line num="3" count="2" type="stmt"/>
      <line num="4" count="2" type="stmt"/>
      <line num="16" count="2" type="stmt"/>
      <line num="18" count="4" type="stmt"/>
      <line num="19" count="4" type="stmt"/>
      <line num="21" count="4" type="stmt"/>
      <line num="23" count="103" type="stmt"/>
      <line num="26" count="33" type="cond" truecount="2" falsecount="0"/>
      <line num="27" count="27" type="cond" truecount="2" falsecount="0"/>
      <line num="28" count="27" type="stmt"/>
      <line num="32" count="14" type="stmt"/>
      <line num="33" count="14" type="stmt"/>
      <line num="34" count="14" type="stmt"/>
      <line num="35" count="23" type="stmt"/>
      <line num="36" count="23" type="cond" truecount="4" falsecount="0"/>
      <line num="37" count="23" type="stmt"/>
      <line num="39" count="16" type="cond" truecount="6" falsecount="0"/>
      <line num="43" count="14" type="stmt"/>
      <line num="44" count="38" type="stmt"/>
      <line num="45" count="14" type="stmt"/>
      <line num="48" count="15" type="cond" truecount="2" falsecount="0"/>
      <line num="49" count="15" type="cond" truecount="2" falsecount="0"/>
      <line num="50" count="15" type="stmt"/>
      <line num="53" count="4" type="stmt"/>
      <line num="54" count="4" type="stmt"/>
      <line num="55" count="2" type="stmt"/>
      <line num="59" count="3" type="stmt"/>
      <line num="60" count="3" type="cond" truecount="2" falsecount="0"/>
    </file>
    <file name="react.ts" path="D:\projects\objects-manager\src\react.ts">
      <metrics statements="10" coveredstatements="10" conditionals="0" coveredconditionals="0" methods="5" coveredmethods="5"/>
      <line num="1" count="1" type="stmt"/>
      <line num="2" count="1" type="stmt"/>
      <line num="4" count="1" type="stmt"/>
      <line num="5" count="3" type="stmt"/>
      <line num="6" count="3" type="stmt"/>
      <line num="7" count="3" type="stmt"/>
      <line num="9" count="2" type="stmt"/>
      <line num="10" count="2" type="stmt"/>
      <line num="14" count="3" type="stmt"/>
      <line num="15" count="3" type="stmt"/>
    </file>
  </project>
</coverage>
