<?xml version="1.0" encoding="UTF-8"?>
<coverage generated="1630791192670" clover="3.2.0">
  <project timestamp="1630791192670" name="All files">
    <metrics statements="51" coveredstatements="51" conditionals="35" coveredconditionals="35" methods="24" coveredmethods="24" elements="110" coveredelements="110" complexity="0" loc="51" ncloc="51" packages="1" files="4" classes="4"/>
    <file name="clone-deep.ts" path="D:\projects\objects-manager\src\clone-deep.ts">
      <metrics statements="2" coveredstatements="2" conditionals="0" coveredconditionals="0" methods="1" coveredmethods="1"/>
      <line num="1" count="2" type="stmt"/>
      <line num="3" count="13" type="stmt"/>
    </file>
    <file name="deep-freeze.ts" path="D:\projects\objects-manager\src\deep-freeze.ts">
      <metrics statements="7" coveredstatements="7" conditionals="11" coveredconditionals="11" methods="2" coveredmethods="2"/>
      <line num="1" count="3" type="stmt"/>
      <line num="2" count="45" type="cond" truecount="4" falsecount="0"/>
      <line num="3" count="44" type="stmt"/>
      <line num="4" count="44" type="stmt"/>
      <line num="5" count="84" type="cond" truecount="2" falsecount="0"/>
      <line num="11" count="30" type="stmt"/>
      <line num="15" count="45" type="stmt"/>
    </file>
    <file name="index.ts" path="D:\projects\objects-manager\src\index.ts">
      <metrics statements="32" coveredstatements="32" conditionals="22" coveredconditionals="22" methods="16" coveredmethods="16"/>
      <line num="1" count="2" type="stmt"/>
      <line num="2" count="2" type="stmt"/>
      <line num="3" count="2" type="stmt"/>
      <line num="4" count="2" type="stmt"/>
      <line num="20" count="2" type="stmt"/>
      <line num="22" count="4" type="stmt"/>
      <line num="23" count="4" type="stmt"/>
      <line num="25" count="4" type="stmt"/>
      <line num="27" count="96" type="stmt"/>
      <line num="30" count="5" type="stmt"/>
      <line num="33" count="30" type="cond" truecount="2" falsecount="0"/>
      <line num="34" count="25" type="cond" truecount="2" falsecount="0"/>
      <line num="35" count="25" type="stmt"/>
      <line num="39" count="13" type="stmt"/>
      <line num="40" count="13" type="stmt"/>
      <line num="41" count="13" type="stmt"/>
      <line num="42" count="22" type="stmt"/>
      <line num="43" count="22" type="cond" truecount="4" falsecount="0"/>
      <line num="44" count="22" type="stmt"/>
      <line num="46" count="16" type="cond" truecount="6" falsecount="0"/>
      <line num="50" count="13" type="stmt"/>
      <line num="51" count="37" type="stmt"/>
      <line num="52" count="13" type="stmt"/>
      <line num="55" count="13" type="cond" truecount="2" falsecount="0"/>
      <line num="56" count="13" type="cond" truecount="2" falsecount="0"/>
      <line num="57" count="13" type="stmt"/>
      <line num="60" count="4" type="stmt"/>
      <line num="61" count="4" type="stmt"/>
      <line num="62" count="4" type="stmt"/>
      <line num="63" count="2" type="stmt"/>
      <line num="67" count="3" type="stmt"/>
      <line num="68" count="3" type="cond" truecount="2" falsecount="0"/>
    </file>
    <file name="react.ts" path="D:\projects\objects-manager\src\react.ts">
      <metrics statements="10" coveredstatements="10" conditionals="2" coveredconditionals="2" methods="5" coveredmethods="5"/>
      <line num="1" count="1" type="stmt"/>
      <line num="2" count="1" type="stmt"/>
      <line num="4" count="1" type="stmt"/>
      <line num="5" count="3" type="stmt"/>
      <line num="6" count="3" type="stmt"/>
      <line num="7" count="3" type="stmt"/>
      <line num="10" count="3" type="cond" truecount="2" falsecount="0"/>
      <line num="11" count="2" type="stmt"/>
      <line num="15" count="3" type="stmt"/>
      <line num="16" count="3" type="stmt"/>
    </file>
  </project>
</coverage>
