{"D:\\projects\\objects-manager\\src\\clone-deep.ts": {"path":"D:\\projects\\objects-manager\\src\\clone-deep.ts","statementMap":{"0":{"start":{"line":1,"column":0},"end":{"line":1,"column":28}},"1":{"start":{"line":3,"column":25},"end":{"line":3,"column":73}},"2":{"start":{"line":3,"column":45},"end":{"line":3,"column":73}},"3":{"start":{"line":3,"column":13},"end":{"line":3,"column":25}}},"fnMap":{"0":{"name":"(anonymous_0)","decl":{"start":{"line":3,"column":25},"end":{"line":3,"column":29}},"loc":{"start":{"line":3,"column":45},"end":{"line":3,"column":73}}}},"branchMap":{},"s":{"0":2,"1":2,"2":14,"3":2},"f":{"0":14},"b":{}}
,"D:\\projects\\objects-manager\\src\\deep-freeze.ts": {"path":"D:\\projects\\objects-manager\\src\\deep-freeze.ts","statementMap":{"0":{"start":{"line":1,"column":26},"end":{"line":16,"column":1}},"1":{"start":{"line":2,"column":4},"end":{"line":14,"column":null}},"2":{"start":{"line":3,"column":8},"end":{"line":3,"column":null}},"3":{"start":{"line":4,"column":8},"end":{"line":13,"column":null}},"4":{"start":{"line":5,"column":12},"end":{"line":12,"column":null}},"5":{"start":{"line":11,"column":16},"end":{"line":11,"column":null}},"6":{"start":{"line":15,"column":4},"end":{"line":15,"column":null}},"7":{"start":{"line":1,"column":13},"end":{"line":1,"column":26}}},"fnMap":{"0":{"name":"(anonymous_0)","decl":{"start":{"line":1,"column":26},"end":{"line":1,"column":45}},"loc":{"start":{"line":1,"column":53},"end":{"line":16,"column":1}}},"1":{"name":"(anonymous_1)","decl":{"start":{"line":4,"column":46},"end":{"line":4,"column":47}},"loc":{"start":{"line":4,"column":55},"end":{"line":13,"column":9}}}},"branchMap":{"0":{"loc":{"start":{"line":2,"column":4},"end":{"line":14,"column":null}},"type":"if","locations":[{"start":{"line":2,"column":4},"end":{"line":14,"column":null}},{"start":{"line":2,"column":4},"end":{"line":14,"column":null}}]},"1":{"loc":{"start":{"line":2,"column":8},"end":{"line":2,"column":9}},"type":"binary-expr","locations":[{"start":{"line":2,"column":8},"end":{"line":2,"column":9}},{"start":{"line":2,"column":13},"end":{"line":2,"column":32}}]},"2":{"loc":{"start":{"line":5,"column":12},"end":{"line":12,"column":null}},"type":"if","locations":[{"start":{"line":5,"column":12},"end":{"line":12,"column":null}},{"start":{"line":5,"column":12},"end":{"line":12,"column":null}}]},"3":{"loc":{"start":{"line":6,"column":16},"end":{"line":6,"column":38}},"type":"binary-expr","locations":[{"start":{"line":6,"column":16},"end":{"line":6,"column":38}},{"start":{"line":7,"column":19},"end":{"line":7,"column":35}},{"start":{"line":8,"column":20},"end":{"line":8,"column":47}},{"start":{"line":8,"column":51},"end":{"line":8,"column":80}},{"start":{"line":9,"column":19},"end":{"line":9,"column":44}}]}},"s":{"0":3,"1":47,"2":46,"3":46,"4":87,"5":31,"6":47,"7":3},"f":{"0":47,"1":87},"b":{"0":[46,1],"1":[47,46],"2":[31,56],"3":[87,87,87,54,33]}}
,"D:\\projects\\objects-manager\\src\\index.ts": {"path":"D:\\projects\\objects-manager\\src\\index.ts","statementMap":{"0":{"start":{"line":1,"column":0},"end":{"line":1,"column":48}},"1":{"start":{"line":2,"column":0},"end":{"line":2,"column":63}},"2":{"start":{"line":3,"column":0},"end":{"line":3,"column":40}},"3":{"start":{"line":4,"column":0},"end":{"line":4,"column":42}},"4":{"start":{"line":18,"column":33},"end":{"line":18,"column":60}},"5":{"start":{"line":19,"column":8},"end":{"line":19,"column":null}},"6":{"start":{"line":21,"column":35},"end":{"line":21,"column":90}},"7":{"start":{"line":23,"column":8},"end":{"line":23,"column":null}},"8":{"start":{"line":26,"column":8},"end":{"line":29,"column":null}},"9":{"start":{"line":27,"column":12},"end":{"line":27,"column":null}},"10":{"start":{"line":28,"column":12},"end":{"line":28,"column":null}},"11":{"start":{"line":28,"column":55},"end":{"line":28,"column":null}},"12":{"start":{"line":32,"column":8},"end":{"line":32,"column":null}},"13":{"start":{"line":33,"column":25},"end":{"line":33,"column":69}},"14":{"start":{"line":34,"column":8},"end":{"line":42,"column":null}},"15":{"start":{"line":35,"column":26},"end":{"line":35,"column":128}},"16":{"start":{"line":35,"column":84},"end":{"line":35,"column":127}},"17":{"start":{"line":36,"column":33},"end":{"line":36,"column":168}},"18":{"start":{"line":36,"column":136},"end":{"line":36,"column":162}},"19":{"start":{"line":37,"column":12},"end":{"line":41,"column":null}},"20":{"start":{"line":39,"column":20},"end":{"line":39,"column":null}},"21":{"start":{"line":39,"column":133},"end":{"line":39,"column":null}},"22":{"start":{"line":43,"column":8},"end":{"line":43,"column":null}},"23":{"start":{"line":44,"column":25},"end":{"line":44,"column":125}},"24":{"start":{"line":44,"column":40},"end":{"line":44,"column":124}},"25":{"start":{"line":44,"column":61},"end":{"line":44,"column":123}},"26":{"start":{"line":45,"column":8},"end":{"line":45,"column":null}},"27":{"start":{"line":48,"column":23},"end":{"line":48,"column":76}},"28":{"start":{"line":49,"column":8},"end":{"line":49,"column":null}},"29":{"start":{"line":49,"column":57},"end":{"line":49,"column":78}},"30":{"start":{"line":50,"column":8},"end":{"line":50,"column":null}},"31":{"start":{"line":53,"column":8},"end":{"line":53,"column":null}},"32":{"start":{"line":54,"column":8},"end":{"line":56,"column":null}},"33":{"start":{"line":55,"column":31},"end":{"line":55,"column":59}},"34":{"start":{"line":59,"column":22},"end":{"line":59,"column":71}},"35":{"start":{"line":59,"column":54},"end":{"line":59,"column":70}},"36":{"start":{"line":60,"column":8},"end":{"line":60,"column":null}},"37":{"start":{"line":60,"column":26},"end":{"line":60,"column":null}},"38":{"start":{"line":16,"column":0},"end":{"line":16,"column":13}}},"fnMap":{"0":{"name":"(anonymous_0)","decl":{"start":{"line":18,"column":4},"end":{"line":18,"column":33}},"loc":{"start":{"line":18,"column":60},"end":{"line":20,"column":5}}},"1":{"name":"(anonymous_1)","decl":{"start":{"line":22,"column":4},"end":{"line":22,"column":8}},"loc":{"start":{"line":22,"column":13},"end":{"line":24,"column":5}}},"2":{"name":"(anonymous_2)","decl":{"start":{"line":25,"column":12},"end":{"line":25,"column":20}},"loc":{"start":{"line":25,"column":58},"end":{"line":30,"column":5}}},"3":{"name":"(anonymous_3)","decl":{"start":{"line":31,"column":4},"end":{"line":31,"column":10}},"loc":{"start":{"line":31,"column":146},"end":{"line":46,"column":5}}},"4":{"name":"(anonymous_4)","decl":{"start":{"line":35,"column":45},"end":{"line":35,"column":46}},"loc":{"start":{"line":35,"column":84},"end":{"line":35,"column":127}}},"5":{"name":"(anonymous_5)","decl":{"start":{"line":36,"column":128},"end":{"line":36,"column":132}},"loc":{"start":{"line":36,"column":136},"end":{"line":36,"column":162}}},"6":{"name":"(anonymous_6)","decl":{"start":{"line":38,"column":49},"end":{"line":38,"column":50}},"loc":{"start":{"line":38,"column":58},"end":{"line":40,"column":17}}},"7":{"name":"(anonymous_7)","decl":{"start":{"line":44,"column":35},"end":{"line":44,"column":36}},"loc":{"start":{"line":44,"column":40},"end":{"line":44,"column":124}}},"8":{"name":"(anonymous_8)","decl":{"start":{"line":44,"column":56},"end":{"line":44,"column":57}},"loc":{"start":{"line":44,"column":61},"end":{"line":44,"column":123}}},"9":{"name":"(anonymous_9)","decl":{"start":{"line":47,"column":4},"end":{"line":47,"column":10}},"loc":{"start":{"line":47,"column":75},"end":{"line":51,"column":5}}},"10":{"name":"(anonymous_10)","decl":{"start":{"line":49,"column":52},"end":{"line":49,"column":53}},"loc":{"start":{"line":49,"column":57},"end":{"line":49,"column":78}}},"11":{"name":"(anonymous_11)","decl":{"start":{"line":52,"column":4},"end":{"line":52,"column":13}},"loc":{"start":{"line":52,"column":70},"end":{"line":57,"column":5}}},"12":{"name":"(anonymous_12)","decl":{"start":{"line":55,"column":25},"end":{"line":55,"column":28}},"loc":{"start":{"line":55,"column":31},"end":{"line":55,"column":59}}},"13":{"name":"(anonymous_13)","decl":{"start":{"line":58,"column":4},"end":{"line":58,"column":15}},"loc":{"start":{"line":58,"column":72},"end":{"line":61,"column":5}}},"14":{"name":"(anonymous_14)","decl":{"start":{"line":59,"column":49},"end":{"line":59,"column":50}},"loc":{"start":{"line":59,"column":54},"end":{"line":59,"column":70}}}},"branchMap":{"0":{"loc":{"start":{"line":26,"column":8},"end":{"line":29,"column":null}},"type":"if","locations":[{"start":{"line":26,"column":8},"end":{"line":29,"column":null}},{"start":{"line":26,"column":8},"end":{"line":29,"column":null}}]},"1":{"loc":{"start":{"line":27,"column":44},"end":{"line":27,"column":64}},"type":"cond-expr","locations":[{"start":{"line":27,"column":44},"end":{"line":27,"column":64}},{"start":{"line":27,"column":67},"end":{"line":27,"column":90}}]},"2":{"loc":{"start":{"line":36,"column":95},"end":{"line":36,"column":163}},"type":"cond-expr","locations":[{"start":{"line":36,"column":95},"end":{"line":36,"column":163}},{"start":{"line":36,"column":166},"end":{"line":36,"column":168}}]},"3":{"loc":{"start":{"line":36,"column":33},"end":{"line":36,"column":45}},"type":"binary-expr","locations":[{"start":{"line":36,"column":33},"end":{"line":36,"column":45}},{"start":{"line":36,"column":49},"end":{"line":36,"column":92}}]},"4":{"loc":{"start":{"line":38,"column":16},"end":{"line":40,"column":18}},"type":"cond-expr","locations":[{"start":{"line":38,"column":16},"end":{"line":40,"column":18}},{"start":{"line":41,"column":16},"end":{"line":41,"column":51}}]},"5":{"loc":{"start":{"line":39,"column":20},"end":{"line":39,"column":null}},"type":"if","locations":[{"start":{"line":39,"column":20},"end":{"line":39,"column":null}},{"start":{"line":39,"column":20},"end":{"line":39,"column":null}}]},"6":{"loc":{"start":{"line":39,"column":24},"end":{"line":39,"column":40}},"type":"binary-expr","locations":[{"start":{"line":39,"column":24},"end":{"line":39,"column":40}},{"start":{"line":39,"column":44},"end":{"line":39,"column":60}},{"start":{"line":39,"column":65},"end":{"line":39,"column":102}},{"start":{"line":39,"column":106},"end":{"line":39,"column":130}}]},"7":{"loc":{"start":{"line":48,"column":35},"end":{"line":48,"column":63}},"type":"cond-expr","locations":[{"start":{"line":48,"column":35},"end":{"line":48,"column":63}},{"start":{"line":48,"column":66},"end":{"line":48,"column":76}}]},"8":{"loc":{"start":{"line":49,"column":34},"end":{"line":49,"column":79}},"type":"cond-expr","locations":[{"start":{"line":49,"column":34},"end":{"line":49,"column":79}},{"start":{"line":49,"column":82},"end":{"line":49,"column":84}}]},"9":{"loc":{"start":{"line":60,"column":8},"end":{"line":60,"column":null}},"type":"if","locations":[{"start":{"line":60,"column":8},"end":{"line":60,"column":null}},{"start":{"line":60,"column":8},"end":{"line":60,"column":null}}]}},"s":{"0":2,"1":2,"2":2,"3":2,"4":4,"5":4,"6":4,"7":103,"8":33,"9":27,"10":27,"11":4,"12":14,"13":14,"14":14,"15":23,"16":21,"17":23,"18":1,"19":23,"20":16,"21":1,"22":14,"23":14,"24":23,"25":38,"26":14,"27":15,"28":15,"29":5,"30":15,"31":4,"32":4,"33":2,"34":3,"35":2,"36":3,"37":2,"38":2},"f":{"0":4,"1":103,"2":33,"3":14,"4":21,"5":1,"6":16,"7":23,"8":38,"9":15,"10":5,"11":4,"12":2,"13":3,"14":2},"b":{"0":[27,6],"1":[15,12],"2":[1,22],"3":[23,6],"4":[6,17],"5":[1,15],"6":[16,2,2,2],"7":[2,13],"8":[2,13],"9":[2,1]}}
,"D:\\projects\\objects-manager\\src\\react.ts": {"path":"D:\\projects\\objects-manager\\src\\react.ts","statementMap":{"0":{"start":{"line":1,"column":0},"end":{"line":1,"column":76}},"1":{"start":{"line":2,"column":0},"end":{"line":2,"column":45}},"2":{"start":{"line":4,"column":24},"end":{"line":16,"column":1}},"3":{"start":{"line":5,"column":25},"end":{"line":5,"column":54}},"4":{"start":{"line":5,"column":44},"end":{"line":5,"column":50}},"5":{"start":{"line":6,"column":20},"end":{"line":6,"column":61}},"6":{"start":{"line":6,"column":35},"end":{"line":6,"column":60}},"7":{"start":{"line":7,"column":4},"end":{"line":13,"column":null}},"8":{"start":{"line":9,"column":36},"end":{"line":9,"column":69}},"9":{"start":{"line":9,"column":58},"end":{"line":9,"column":68}},"10":{"start":{"line":10,"column":12},"end":{"line":10,"column":null}},"11":{"start":{"line":14,"column":4},"end":{"line":14,"column":null}},"12":{"start":{"line":15,"column":4},"end":{"line":15,"column":null}},"13":{"start":{"line":4,"column":13},"end":{"line":4,"column":24}}},"fnMap":{"0":{"name":"(anonymous_0)","decl":{"start":{"line":4,"column":24},"end":{"line":4,"column":47}},"loc":{"start":{"line":4,"column":89},"end":{"line":16,"column":1}}},"1":{"name":"(anonymous_1)","decl":{"start":{"line":5,"column":36},"end":{"line":5,"column":40}},"loc":{"start":{"line":5,"column":44},"end":{"line":5,"column":50}}},"2":{"name":"(anonymous_2)","decl":{"start":{"line":6,"column":29},"end":{"line":6,"column":32}},"loc":{"start":{"line":6,"column":35},"end":{"line":6,"column":60}}},"3":{"name":"(anonymous_3)","decl":{"start":{"line":8,"column":8},"end":{"line":8,"column":11}},"loc":{"start":{"line":8,"column":13},"end":{"line":11,"column":9}}},"4":{"name":"(anonymous_4)","decl":{"start":{"line":9,"column":52},"end":{"line":9,"column":55}},"loc":{"start":{"line":9,"column":58},"end":{"line":9,"column":68}}}},"branchMap":{},"s":{"0":1,"1":1,"2":1,"3":3,"4":2,"5":3,"6":2,"7":3,"8":2,"9":1,"10":2,"11":3,"12":3,"13":1},"f":{"0":3,"1":2,"2":2,"3":2,"4":1},"b":{}}
}
