{"D:\\projects\\objects-manager\\src\\clone-deep.ts": {"path":"D:\\projects\\objects-manager\\src\\clone-deep.ts","statementMap":{"0":{"start":{"line":1,"column":0},"end":{"line":1,"column":28}},"1":{"start":{"line":3,"column":25},"end":{"line":3,"column":73}},"2":{"start":{"line":3,"column":45},"end":{"line":3,"column":73}},"3":{"start":{"line":3,"column":13},"end":{"line":3,"column":25}}},"fnMap":{"0":{"name":"(anonymous_0)","decl":{"start":{"line":3,"column":25},"end":{"line":3,"column":29}},"loc":{"start":{"line":3,"column":45},"end":{"line":3,"column":73}}}},"branchMap":{},"s":{"0":2,"1":2,"2":13,"3":2},"f":{"0":13},"b":{}}
,"D:\\projects\\objects-manager\\src\\deep-freeze.ts": {"path":"D:\\projects\\objects-manager\\src\\deep-freeze.ts","statementMap":{"0":{"start":{"line":1,"column":26},"end":{"line":16,"column":1}},"1":{"start":{"line":2,"column":4},"end":{"line":14,"column":null}},"2":{"start":{"line":3,"column":8},"end":{"line":3,"column":null}},"3":{"start":{"line":4,"column":8},"end":{"line":13,"column":null}},"4":{"start":{"line":5,"column":12},"end":{"line":12,"column":null}},"5":{"start":{"line":11,"column":16},"end":{"line":11,"column":null}},"6":{"start":{"line":15,"column":4},"end":{"line":15,"column":null}},"7":{"start":{"line":1,"column":13},"end":{"line":1,"column":26}}},"fnMap":{"0":{"name":"(anonymous_0)","decl":{"start":{"line":1,"column":26},"end":{"line":1,"column":45}},"loc":{"start":{"line":1,"column":53},"end":{"line":16,"column":1}}},"1":{"name":"(anonymous_1)","decl":{"start":{"line":4,"column":46},"end":{"line":4,"column":47}},"loc":{"start":{"line":4,"column":55},"end":{"line":13,"column":9}}}},"branchMap":{"0":{"loc":{"start":{"line":2,"column":4},"end":{"line":14,"column":null}},"type":"if","locations":[{"start":{"line":2,"column":4},"end":{"line":14,"column":null}},{"start":{"line":2,"column":4},"end":{"line":14,"column":null}}]},"1":{"loc":{"start":{"line":2,"column":8},"end":{"line":2,"column":9}},"type":"binary-expr","locations":[{"start":{"line":2,"column":8},"end":{"line":2,"column":9}},{"start":{"line":2,"column":13},"end":{"line":2,"column":32}}]},"2":{"loc":{"start":{"line":5,"column":12},"end":{"line":12,"column":null}},"type":"if","locations":[{"start":{"line":5,"column":12},"end":{"line":12,"column":null}},{"start":{"line":5,"column":12},"end":{"line":12,"column":null}}]},"3":{"loc":{"start":{"line":6,"column":16},"end":{"line":6,"column":38}},"type":"binary-expr","locations":[{"start":{"line":6,"column":16},"end":{"line":6,"column":38}},{"start":{"line":7,"column":19},"end":{"line":7,"column":35}},{"start":{"line":8,"column":20},"end":{"line":8,"column":47}},{"start":{"line":8,"column":51},"end":{"line":8,"column":80}},{"start":{"line":9,"column":19},"end":{"line":9,"column":44}}]}},"s":{"0":3,"1":45,"2":44,"3":44,"4":84,"5":30,"6":45,"7":3},"f":{"0":45,"1":84},"b":{"0":[44,1],"1":[45,44],"2":[30,54],"3":[84,84,84,52,32]}}
,"D:\\projects\\objects-manager\\src\\index.ts": {"path":"D:\\projects\\objects-manager\\src\\index.ts","statementMap":{"0":{"start":{"line":1,"column":0},"end":{"line":1,"column":48}},"1":{"start":{"line":2,"column":0},"end":{"line":2,"column":63}},"2":{"start":{"line":3,"column":0},"end":{"line":3,"column":40}},"3":{"start":{"line":4,"column":0},"end":{"line":4,"column":42}},"4":{"start":{"line":22,"column":33},"end":{"line":22,"column":60}},"5":{"start":{"line":25,"column":21},"end":{"line":25,"column":null}},"6":{"start":{"line":23,"column":8},"end":{"line":23,"column":null}},"7":{"start":{"line":27,"column":8},"end":{"line":27,"column":null}},"8":{"start":{"line":30,"column":8},"end":{"line":30,"column":null}},"9":{"start":{"line":33,"column":8},"end":{"line":36,"column":null}},"10":{"start":{"line":34,"column":12},"end":{"line":34,"column":null}},"11":{"start":{"line":35,"column":12},"end":{"line":35,"column":null}},"12":{"start":{"line":35,"column":55},"end":{"line":35,"column":null}},"13":{"start":{"line":39,"column":8},"end":{"line":39,"column":null}},"14":{"start":{"line":40,"column":25},"end":{"line":40,"column":67}},"15":{"start":{"line":41,"column":8},"end":{"line":49,"column":null}},"16":{"start":{"line":42,"column":26},"end":{"line":42,"column":128}},"17":{"start":{"line":42,"column":84},"end":{"line":42,"column":127}},"18":{"start":{"line":43,"column":33},"end":{"line":43,"column":168}},"19":{"start":{"line":43,"column":136},"end":{"line":43,"column":162}},"20":{"start":{"line":44,"column":12},"end":{"line":48,"column":null}},"21":{"start":{"line":46,"column":20},"end":{"line":46,"column":null}},"22":{"start":{"line":46,"column":133},"end":{"line":46,"column":null}},"23":{"start":{"line":50,"column":8},"end":{"line":50,"column":null}},"24":{"start":{"line":51,"column":25},"end":{"line":51,"column":125}},"25":{"start":{"line":51,"column":40},"end":{"line":51,"column":124}},"26":{"start":{"line":51,"column":61},"end":{"line":51,"column":123}},"27":{"start":{"line":52,"column":8},"end":{"line":52,"column":null}},"28":{"start":{"line":55,"column":23},"end":{"line":55,"column":76}},"29":{"start":{"line":56,"column":8},"end":{"line":56,"column":null}},"30":{"start":{"line":56,"column":57},"end":{"line":56,"column":78}},"31":{"start":{"line":57,"column":8},"end":{"line":57,"column":null}},"32":{"start":{"line":60,"column":8},"end":{"line":60,"column":null}},"33":{"start":{"line":61,"column":8},"end":{"line":61,"column":null}},"34":{"start":{"line":62,"column":8},"end":{"line":64,"column":null}},"35":{"start":{"line":63,"column":31},"end":{"line":63,"column":59}},"36":{"start":{"line":67,"column":22},"end":{"line":67,"column":71}},"37":{"start":{"line":67,"column":54},"end":{"line":67,"column":70}},"38":{"start":{"line":68,"column":8},"end":{"line":68,"column":null}},"39":{"start":{"line":68,"column":26},"end":{"line":68,"column":null}},"40":{"start":{"line":20,"column":0},"end":{"line":20,"column":13}}},"fnMap":{"0":{"name":"(anonymous_0)","decl":{"start":{"line":22,"column":4},"end":{"line":22,"column":33}},"loc":{"start":{"line":22,"column":60},"end":{"line":24,"column":5}}},"1":{"name":"(anonymous_1)","decl":{"start":{"line":26,"column":4},"end":{"line":26,"column":8}},"loc":{"start":{"line":26,"column":13},"end":{"line":28,"column":5}}},"2":{"name":"(anonymous_2)","decl":{"start":{"line":29,"column":12},"end":{"line":29,"column":30}},"loc":{"start":{"line":29,"column":71},"end":{"line":31,"column":5}}},"3":{"name":"(anonymous_3)","decl":{"start":{"line":32,"column":12},"end":{"line":32,"column":20}},"loc":{"start":{"line":32,"column":42},"end":{"line":37,"column":5}}},"4":{"name":"(anonymous_4)","decl":{"start":{"line":38,"column":4},"end":{"line":38,"column":10}},"loc":{"start":{"line":38,"column":138},"end":{"line":53,"column":5}}},"5":{"name":"(anonymous_5)","decl":{"start":{"line":42,"column":45},"end":{"line":42,"column":46}},"loc":{"start":{"line":42,"column":84},"end":{"line":42,"column":127}}},"6":{"name":"(anonymous_6)","decl":{"start":{"line":43,"column":128},"end":{"line":43,"column":132}},"loc":{"start":{"line":43,"column":136},"end":{"line":43,"column":162}}},"7":{"name":"(anonymous_7)","decl":{"start":{"line":45,"column":49},"end":{"line":45,"column":50}},"loc":{"start":{"line":45,"column":58},"end":{"line":47,"column":17}}},"8":{"name":"(anonymous_8)","decl":{"start":{"line":51,"column":35},"end":{"line":51,"column":36}},"loc":{"start":{"line":51,"column":40},"end":{"line":51,"column":124}}},"9":{"name":"(anonymous_9)","decl":{"start":{"line":51,"column":56},"end":{"line":51,"column":57}},"loc":{"start":{"line":51,"column":61},"end":{"line":51,"column":123}}},"10":{"name":"(anonymous_10)","decl":{"start":{"line":54,"column":4},"end":{"line":54,"column":10}},"loc":{"start":{"line":54,"column":59},"end":{"line":58,"column":5}}},"11":{"name":"(anonymous_11)","decl":{"start":{"line":56,"column":52},"end":{"line":56,"column":53}},"loc":{"start":{"line":56,"column":57},"end":{"line":56,"column":78}}},"12":{"name":"(anonymous_12)","decl":{"start":{"line":59,"column":4},"end":{"line":59,"column":13}},"loc":{"start":{"line":59,"column":54},"end":{"line":65,"column":5}}},"13":{"name":"(anonymous_13)","decl":{"start":{"line":63,"column":25},"end":{"line":63,"column":28}},"loc":{"start":{"line":63,"column":31},"end":{"line":63,"column":59}}},"14":{"name":"(anonymous_14)","decl":{"start":{"line":66,"column":4},"end":{"line":66,"column":15}},"loc":{"start":{"line":66,"column":56},"end":{"line":69,"column":5}}},"15":{"name":"(anonymous_15)","decl":{"start":{"line":67,"column":49},"end":{"line":67,"column":50}},"loc":{"start":{"line":67,"column":54},"end":{"line":67,"column":70}}}},"branchMap":{"0":{"loc":{"start":{"line":33,"column":8},"end":{"line":36,"column":null}},"type":"if","locations":[{"start":{"line":33,"column":8},"end":{"line":36,"column":null}},{"start":{"line":33,"column":8},"end":{"line":36,"column":null}}]},"1":{"loc":{"start":{"line":34,"column":44},"end":{"line":34,"column":64}},"type":"cond-expr","locations":[{"start":{"line":34,"column":44},"end":{"line":34,"column":64}},{"start":{"line":34,"column":67},"end":{"line":34,"column":90}}]},"2":{"loc":{"start":{"line":43,"column":95},"end":{"line":43,"column":163}},"type":"cond-expr","locations":[{"start":{"line":43,"column":95},"end":{"line":43,"column":163}},{"start":{"line":43,"column":166},"end":{"line":43,"column":168}}]},"3":{"loc":{"start":{"line":43,"column":33},"end":{"line":43,"column":45}},"type":"binary-expr","locations":[{"start":{"line":43,"column":33},"end":{"line":43,"column":45}},{"start":{"line":43,"column":49},"end":{"line":43,"column":92}}]},"4":{"loc":{"start":{"line":45,"column":16},"end":{"line":47,"column":18}},"type":"cond-expr","locations":[{"start":{"line":45,"column":16},"end":{"line":47,"column":18}},{"start":{"line":48,"column":16},"end":{"line":48,"column":42}}]},"5":{"loc":{"start":{"line":46,"column":20},"end":{"line":46,"column":null}},"type":"if","locations":[{"start":{"line":46,"column":20},"end":{"line":46,"column":null}},{"start":{"line":46,"column":20},"end":{"line":46,"column":null}}]},"6":{"loc":{"start":{"line":46,"column":24},"end":{"line":46,"column":40}},"type":"binary-expr","locations":[{"start":{"line":46,"column":24},"end":{"line":46,"column":40}},{"start":{"line":46,"column":44},"end":{"line":46,"column":60}},{"start":{"line":46,"column":65},"end":{"line":46,"column":102}},{"start":{"line":46,"column":106},"end":{"line":46,"column":130}}]},"7":{"loc":{"start":{"line":55,"column":35},"end":{"line":55,"column":63}},"type":"cond-expr","locations":[{"start":{"line":55,"column":35},"end":{"line":55,"column":63}},{"start":{"line":55,"column":66},"end":{"line":55,"column":76}}]},"8":{"loc":{"start":{"line":56,"column":34},"end":{"line":56,"column":79}},"type":"cond-expr","locations":[{"start":{"line":56,"column":34},"end":{"line":56,"column":79}},{"start":{"line":56,"column":82},"end":{"line":56,"column":84}}]},"9":{"loc":{"start":{"line":68,"column":8},"end":{"line":68,"column":null}},"type":"if","locations":[{"start":{"line":68,"column":8},"end":{"line":68,"column":null}},{"start":{"line":68,"column":8},"end":{"line":68,"column":null}}]}},"s":{"0":2,"1":2,"2":2,"3":2,"4":4,"5":4,"6":4,"7":96,"8":5,"9":30,"10":25,"11":25,"12":1,"13":13,"14":13,"15":13,"16":22,"17":21,"18":22,"19":1,"20":22,"21":16,"22":1,"23":13,"24":13,"25":22,"26":37,"27":13,"28":13,"29":13,"30":4,"31":13,"32":4,"33":4,"34":4,"35":2,"36":3,"37":2,"38":3,"39":2,"40":2},"f":{"0":4,"1":96,"2":5,"3":30,"4":13,"5":21,"6":1,"7":16,"8":22,"9":37,"10":13,"11":4,"12":4,"13":2,"14":3,"15":2},"b":{"0":[25,5],"1":[14,11],"2":[1,21],"3":[22,6],"4":[6,16],"5":[1,15],"6":[16,2,2,2],"7":[1,12],"8":[1,12],"9":[2,1]}}
,"D:\\projects\\objects-manager\\src\\react.ts": {"path":"D:\\projects\\objects-manager\\src\\react.ts","statementMap":{"0":{"start":{"line":1,"column":0},"end":{"line":1,"column":76}},"1":{"start":{"line":2,"column":0},"end":{"line":2,"column":45}},"2":{"start":{"line":4,"column":24},"end":{"line":17,"column":1}},"3":{"start":{"line":5,"column":25},"end":{"line":5,"column":54}},"4":{"start":{"line":5,"column":44},"end":{"line":5,"column":50}},"5":{"start":{"line":6,"column":20},"end":{"line":6,"column":61}},"6":{"start":{"line":6,"column":35},"end":{"line":6,"column":60}},"7":{"start":{"line":7,"column":4},"end":{"line":14,"column":null}},"8":{"start":{"line":10,"column":36},"end":{"line":10,"column":90}},"9":{"start":{"line":10,"column":58},"end":{"line":10,"column":89}},"10":{"start":{"line":11,"column":12},"end":{"line":11,"column":null}},"11":{"start":{"line":15,"column":4},"end":{"line":15,"column":null}},"12":{"start":{"line":16,"column":4},"end":{"line":16,"column":null}},"13":{"start":{"line":4,"column":13},"end":{"line":4,"column":24}}},"fnMap":{"0":{"name":"(anonymous_0)","decl":{"start":{"line":4,"column":24},"end":{"line":4,"column":47}},"loc":{"start":{"line":4,"column":89},"end":{"line":17,"column":1}}},"1":{"name":"(anonymous_1)","decl":{"start":{"line":5,"column":36},"end":{"line":5,"column":40}},"loc":{"start":{"line":5,"column":44},"end":{"line":5,"column":50}}},"2":{"name":"(anonymous_2)","decl":{"start":{"line":6,"column":29},"end":{"line":6,"column":32}},"loc":{"start":{"line":6,"column":35},"end":{"line":6,"column":60}}},"3":{"name":"(anonymous_3)","decl":{"start":{"line":8,"column":8},"end":{"line":8,"column":11}},"loc":{"start":{"line":8,"column":13},"end":{"line":12,"column":9}}},"4":{"name":"(anonymous_4)","decl":{"start":{"line":10,"column":52},"end":{"line":10,"column":55}},"loc":{"start":{"line":10,"column":58},"end":{"line":10,"column":89}}}},"branchMap":{"0":{"loc":{"start":{"line":10,"column":65},"end":{"line":10,"column":75}},"type":"cond-expr","locations":[{"start":{"line":10,"column":65},"end":{"line":10,"column":75}},{"start":{"line":10,"column":78},"end":{"line":10,"column":89}}]}},"s":{"0":1,"1":1,"2":1,"3":3,"4":2,"5":3,"6":2,"7":3,"8":2,"9":3,"10":2,"11":3,"12":3,"13":1},"f":{"0":3,"1":2,"2":2,"3":2,"4":3},"b":{"0":[1,2]}}
}
