TN:
SF:src\clone-deep.ts
FN:3,(anonymous_0)
FNF:1
FNH:1
FNDA:14,(anonymous_0)
DA:1,2
DA:3,14
LF:2
LH:2
BRF:0
BRH:0
end_of_record
TN:
SF:src\deep-freeze.ts
FN:1,(anonymous_0)
FN:4,(anonymous_1)
FNF:2
FNH:2
FNDA:47,(anonymous_0)
FNDA:87,(anonymous_1)
DA:1,3
DA:2,47
DA:3,46
DA:4,46
DA:5,87
DA:11,31
DA:15,47
LF:7
LH:7
BRDA:2,0,0,46
BRDA:2,0,1,1
BRDA:2,1,0,47
BRDA:2,1,1,46
BRDA:5,2,0,31
BRDA:5,2,1,56
BRDA:6,3,0,87
BRDA:6,3,1,87
BRDA:6,3,2,87
BRDA:6,3,3,54
BRDA:6,3,4,33
BRF:11
BRH:11
end_of_record
TN:
SF:src\index.ts
FN:18,(anonymous_0)
FN:22,(anonymous_1)
FN:25,(anonymous_2)
FN:31,(anonymous_3)
FN:35,(anonymous_4)
FN:36,(anonymous_5)
FN:38,(anonymous_6)
FN:44,(anonymous_7)
FN:44,(anonymous_8)
FN:47,(anonymous_9)
FN:49,(anonymous_10)
FN:52,(anonymous_11)
FN:55,(anonymous_12)
FN:58,(anonymous_13)
FN:59,(anonymous_14)
FNF:15
FNH:15
FNDA:4,(anonymous_0)
FNDA:103,(anonymous_1)
FNDA:33,(anonymous_2)
FNDA:14,(anonymous_3)
FNDA:21,(anonymous_4)
FNDA:1,(anonymous_5)
FNDA:16,(anonymous_6)
FNDA:23,(anonymous_7)
FNDA:38,(anonymous_8)
FNDA:15,(anonymous_9)
FNDA:5,(anonymous_10)
FNDA:4,(anonymous_11)
FNDA:2,(anonymous_12)
FNDA:3,(anonymous_13)
FNDA:2,(anonymous_14)
DA:1,2
DA:2,2
DA:3,2
DA:4,2
DA:16,2
DA:18,4
DA:19,4
DA:21,4
DA:23,103
DA:26,33
DA:27,27
DA:28,27
DA:32,14
DA:33,14
DA:34,14
DA:35,23
DA:36,23
DA:37,23
DA:39,16
DA:43,14
DA:44,38
DA:45,14
DA:48,15
DA:49,15
DA:50,15
DA:53,4
DA:54,4
DA:55,2
DA:59,3
DA:60,3
LF:30
LH:30
BRDA:26,0,0,27
BRDA:26,0,1,6
BRDA:27,1,0,15
BRDA:27,1,1,12
BRDA:36,2,0,1
BRDA:36,2,1,22
BRDA:36,3,0,23
BRDA:36,3,1,6
BRDA:38,4,0,6
BRDA:38,4,1,17
BRDA:39,5,0,1
BRDA:39,5,1,15
BRDA:39,6,0,16
BRDA:39,6,1,2
BRDA:39,6,2,2
BRDA:39,6,3,2
BRDA:48,7,0,2
BRDA:48,7,1,13
BRDA:49,8,0,2
BRDA:49,8,1,13
BRDA:60,9,0,2
BRDA:60,9,1,1
BRF:22
BRH:22
end_of_record
TN:
SF:src\react.ts
FN:4,(anonymous_0)
FN:5,(anonymous_1)
FN:6,(anonymous_2)
FN:8,(anonymous_3)
FN:9,(anonymous_4)
FNF:5
FNH:5
FNDA:3,(anonymous_0)
FNDA:2,(anonymous_1)
FNDA:2,(anonymous_2)
FNDA:2,(anonymous_3)
FNDA:1,(anonymous_4)
DA:1,1
DA:2,1
DA:4,1
DA:5,3
DA:6,3
DA:7,3
DA:9,2
DA:10,2
DA:14,3
DA:15,3
LF:10
LH:10
BRF:0
BRH:0
end_of_record
