<?xml version="1.0" encoding="UTF-8"?>
<coverage generated="1631466702427" clover="3.2.0">
  <project timestamp="1631466702427" name="All files">
    <metrics statements="52" coveredstatements="52" conditionals="35" coveredconditionals="35" methods="24" coveredmethods="24" elements="111" coveredelements="111" complexity="0" loc="52" ncloc="52" packages="2" files="5" classes="5"/>
    <package name="src">
      <metrics statements="41" coveredstatements="41" conditionals="24" coveredconditionals="24" methods="21" coveredmethods="21"/>
      <file name="index.ts" path="D:\projects\objects-manager\src\index.ts">
        <metrics statements="31" coveredstatements="31" conditionals="22" coveredconditionals="22" methods="16" coveredmethods="16"/>
        <line num="1" count="2" type="stmt"/>
        <line num="2" count="2" type="stmt"/>
        <line num="3" count="2" type="stmt"/>
        <line num="19" count="2" type="stmt"/>
        <line num="21" count="4" type="stmt"/>
        <line num="22" count="4" type="stmt"/>
        <line num="24" count="4" type="stmt"/>
        <line num="26" count="96" type="stmt"/>
        <line num="29" count="5" type="stmt"/>
        <line num="32" count="30" type="cond" truecount="2" falsecount="0"/>
        <line num="33" count="25" type="cond" truecount="2" falsecount="0"/>
        <line num="34" count="25" type="stmt"/>
        <line num="38" count="13" type="stmt"/>
        <line num="39" count="13" type="stmt"/>
        <line num="40" count="13" type="stmt"/>
        <line num="41" count="22" type="stmt"/>
        <line num="42" count="22" type="cond" truecount="4" falsecount="0"/>
        <line num="43" count="22" type="stmt"/>
        <line num="45" count="16" type="cond" truecount="6" falsecount="0"/>
        <line num="49" count="13" type="stmt"/>
        <line num="50" count="37" type="stmt"/>
        <line num="51" count="13" type="stmt"/>
        <line num="54" count="13" type="cond" truecount="2" falsecount="0"/>
        <line num="55" count="13" type="cond" truecount="2" falsecount="0"/>
        <line num="56" count="13" type="stmt"/>
        <line num="59" count="4" type="stmt"/>
        <line num="60" count="4" type="stmt"/>
        <line num="61" count="4" type="stmt"/>
        <line num="62" count="2" type="stmt"/>
        <line num="66" count="3" type="stmt"/>
        <line num="67" count="3" type="cond" truecount="2" falsecount="0"/>
      </file>
      <file name="react.ts" path="D:\projects\objects-manager\src\react.ts">
        <metrics statements="10" coveredstatements="10" conditionals="2" coveredconditionals="2" methods="5" coveredmethods="5"/>
        <line num="1" count="1" type="stmt"/>
        <line num="2" count="1" type="stmt"/>
        <line num="4" count="1" type="stmt"/>
        <line num="5" count="3" type="stmt"/>
        <line num="6" count="3" type="stmt"/>
        <line num="7" count="3" type="stmt"/>
        <line num="10" count="3" type="cond" truecount="2" falsecount="0"/>
        <line num="11" count="2" type="stmt"/>
        <line num="15" count="3" type="stmt"/>
        <line num="16" count="3" type="stmt"/>
      </file>
    </package>
    <package name="src.common">
      <metrics statements="11" coveredstatements="11" conditionals="11" coveredconditionals="11" methods="3" coveredmethods="3"/>
      <file name="clone-deep.ts" path="D:\projects\objects-manager\src\common\clone-deep.ts">
        <metrics statements="2" coveredstatements="2" conditionals="0" coveredconditionals="0" methods="1" coveredmethods="1"/>
        <line num="1" count="2" type="stmt"/>
        <line num="3" count="13" type="stmt"/>
      </file>
      <file name="deep-freeze.ts" path="D:\projects\objects-manager\src\common\deep-freeze.ts">
        <metrics statements="7" coveredstatements="7" conditionals="11" coveredconditionals="11" methods="2" coveredmethods="2"/>
        <line num="1" count="3" type="stmt"/>
        <line num="2" count="45" type="cond" truecount="4" falsecount="0"/>
        <line num="3" count="44" type="stmt"/>
        <line num="4" count="44" type="stmt"/>
        <line num="5" count="84" type="cond" truecount="2" falsecount="0"/>
        <line num="11" count="30" type="stmt"/>
        <line num="15" count="45" type="stmt"/>
      </file>
      <file name="index.ts" path="D:\projects\objects-manager\src\common\index.ts">
        <metrics statements="2" coveredstatements="2" conditionals="0" coveredconditionals="0" methods="0" coveredmethods="0"/>
        <line num="1" count="2" type="stmt"/>
        <line num="2" count="2" type="stmt"/>
      </file>
    </package>
  </project>
</coverage>
