TN:
SF:src\index.ts
FN:21,(anonymous_0)
FN:25,(anonymous_1)
FN:28,(anonymous_2)
FN:31,(anonymous_3)
FN:37,(anonymous_4)
FN:41,(anonymous_5)
FN:42,(anonymous_6)
FN:44,(anonymous_7)
FN:50,(anonymous_8)
FN:50,(anonymous_9)
FN:53,(anonymous_10)
FN:55,(anonymous_11)
FN:58,(anonymous_12)
FN:62,(anonymous_13)
FN:65,(anonymous_14)
FN:66,(anonymous_15)
FNF:16
FNH:16
FNDA:4,(anonymous_0)
FNDA:96,(anonymous_1)
FNDA:5,(anonymous_2)
FNDA:30,(anonymous_3)
FNDA:13,(anonymous_4)
FNDA:21,(anonymous_5)
FNDA:1,(anonymous_6)
FNDA:16,(anonymous_7)
FNDA:22,(anonymous_8)
FNDA:37,(anonymous_9)
FNDA:13,(anonymous_10)
FNDA:4,(anonymous_11)
FNDA:4,(anonymous_12)
FNDA:2,(anonymous_13)
FNDA:3,(anonymous_14)
FNDA:2,(anonymous_15)
DA:1,2
DA:2,2
DA:3,2
DA:19,2
DA:21,4
DA:22,4
DA:24,4
DA:26,96
DA:29,5
DA:32,30
DA:33,25
DA:34,25
DA:38,13
DA:39,13
DA:40,13
DA:41,22
DA:42,22
DA:43,22
DA:45,16
DA:49,13
DA:50,37
DA:51,13
DA:54,13
DA:55,13
DA:56,13
DA:59,4
DA:60,4
DA:61,4
DA:62,2
DA:66,3
DA:67,3
LF:31
LH:31
BRDA:32,0,0,25
BRDA:32,0,1,5
BRDA:33,1,0,14
BRDA:33,1,1,11
BRDA:42,2,0,1
BRDA:42,2,1,21
BRDA:42,3,0,22
BRDA:42,3,1,6
BRDA:44,4,0,6
BRDA:44,4,1,16
BRDA:45,5,0,1
BRDA:45,5,1,15
BRDA:45,6,0,16
BRDA:45,6,1,2
BRDA:45,6,2,2
BRDA:45,6,3,2
BRDA:54,7,0,1
BRDA:54,7,1,12
BRDA:55,8,0,1
BRDA:55,8,1,12
BRDA:67,9,0,2
BRDA:67,9,1,1
BRF:22
BRH:22
end_of_record
TN:
SF:src\react.ts
FN:4,(anonymous_0)
FN:5,(anonymous_1)
FN:6,(anonymous_2)
FN:8,(anonymous_3)
FN:10,(anonymous_4)
FNF:5
FNH:5
FNDA:3,(anonymous_0)
FNDA:2,(anonymous_1)
FNDA:2,(anonymous_2)
FNDA:2,(anonymous_3)
FNDA:3,(anonymous_4)
DA:1,1
DA:2,1
DA:4,1
DA:5,3
DA:6,3
DA:7,3
DA:10,3
DA:11,2
DA:15,3
DA:16,3
LF:10
LH:10
BRDA:10,0,0,1
BRDA:10,0,1,2
BRF:2
BRH:2
end_of_record
TN:
SF:src\common\clone-deep.ts
FN:3,(anonymous_0)
FNF:1
FNH:1
FNDA:13,(anonymous_0)
DA:1,2
DA:3,13
LF:2
LH:2
BRF:0
BRH:0
end_of_record
TN:
SF:src\common\deep-freeze.ts
FN:1,(anonymous_0)
FN:4,(anonymous_1)
FNF:2
FNH:2
FNDA:45,(anonymous_0)
FNDA:84,(anonymous_1)
DA:1,3
DA:2,45
DA:3,44
DA:4,44
DA:5,84
DA:11,30
DA:15,45
LF:7
LH:7
BRDA:2,0,0,44
BRDA:2,0,1,1
BRDA:2,1,0,45
BRDA:2,1,1,44
BRDA:5,2,0,30
BRDA:5,2,1,54
BRDA:6,3,0,84
BRDA:6,3,1,84
BRDA:6,3,2,84
BRDA:6,3,3,52
BRDA:6,3,4,32
BRF:11
BRH:11
end_of_record
TN:
SF:src\common\index.ts
FNF:0
FNH:0
DA:1,2
DA:2,2
LF:2
LH:2
BRF:0
BRH:0
end_of_record
